[2020-12-28T22:44:02.557] [DEBUG] cheese - login => username:zs,password:123456
[2020-12-28T22:44:02.559] [DEBUG] cheese - zs
[2020-12-28T22:44:02.570] [DEBUG] cheese - { inspect: [Function: inspect] }
[2020-12-28T22:44:02.572] [DEBUG] cheese - 查询失败
[2020-12-28T22:44:42.734] [DEBUG] cheese - login => username:admin,password:123456
[2020-12-28T22:44:42.735] [DEBUG] cheese - admin
[2020-12-28T22:44:42.738] [DEBUG] cheese - { inspect: [Function: inspect] }
[2020-12-28T22:44:42.738] [DEBUG] cheese - 查询失败
[2020-12-28T22:44:59.273] [DEBUG] cheese - login => username:admin,password:123456
[2020-12-28T22:44:59.273] [DEBUG] cheese - admin
[2020-12-28T22:44:59.275] [DEBUG] cheese - { inspect: [Function: inspect] }
[2020-12-28T22:44:59.275] [DEBUG] cheese - 查询失败
[2020-12-28T22:45:00.313] [DEBUG] cheese - login => username:admin,password:123456
[2020-12-28T22:45:00.313] [DEBUG] cheese - admin
[2020-12-28T22:45:00.315] [DEBUG] cheese - { inspect: [Function: inspect] }
[2020-12-28T22:45:00.315] [DEBUG] cheese - 查询失败
[2020-12-28T22:47:35.382] [DEBUG] cheese - login => username:admin,password:123456
[2020-12-28T22:47:35.382] [DEBUG] cheese - admin
[2020-12-28T22:47:35.390] [DEBUG] cheese - { inspect: [Function: inspect] }
[2020-12-28T22:47:35.390] [DEBUG] cheese - 查询失败
[2020-12-28T22:47:36.530] [DEBUG] cheese - login => username:admin,password:123456
[2020-12-28T22:47:36.530] [DEBUG] cheese - admin
[2020-12-28T22:47:36.533] [DEBUG] cheese - { inspect: [Function: inspect] }
[2020-12-28T22:47:36.533] [DEBUG] cheese - 查询失败
[2020-12-28T23:40:23.181] [DEBUG] cheese - login => username:admin,password:123456
[2020-12-28T23:40:23.183] [DEBUG] cheese - admin
[2020-12-28T23:40:23.201] [DEBUG] cheese - null
[2020-12-28T23:40:23.202] [DEBUG] cheese - null
[2020-12-28T23:40:25.403] [DEBUG] cheese - login => username:admin,password:123456
[2020-12-28T23:40:25.404] [DEBUG] cheese - admin
[2020-12-28T23:40:25.409] [DEBUG] cheese - null
[2020-12-28T23:40:25.409] [DEBUG] cheese - null
[2020-12-28T23:40:26.445] [DEBUG] cheese - login => username:admin,password:123456
[2020-12-28T23:40:26.445] [DEBUG] cheese - admin
[2020-12-28T23:40:26.449] [DEBUG] cheese - null
[2020-12-28T23:40:26.450] [DEBUG] cheese - null
[2020-12-28T23:40:27.208] [DEBUG] cheese - login => username:admin,password:123456
[2020-12-28T23:40:27.208] [DEBUG] cheese - admin
[2020-12-28T23:40:27.211] [DEBUG] cheese - null
[2020-12-28T23:40:27.211] [DEBUG] cheese - null
[2020-12-28T23:40:28.325] [DEBUG] cheese - login => username:admin,password:123456
[2020-12-28T23:40:28.325] [DEBUG] cheese - admin
[2020-12-28T23:40:28.328] [DEBUG] cheese - null
[2020-12-28T23:40:28.328] [DEBUG] cheese - null
[2020-12-29T16:47:46.710] [DEBUG] cheese - login => username:123456,password:12121212121
[2020-12-29T16:47:46.711] [DEBUG] cheese - 123456
[2020-12-29T16:47:46.827] [DEBUG] cheese - null
[2020-12-29T16:47:46.827] [DEBUG] cheese - null
[2020-12-29T16:48:27.572] [DEBUG] cheese - login => username:admin,password:123456
[2020-12-29T16:48:27.573] [DEBUG] cheese - admin
[2020-12-29T16:48:27.578] [DEBUG] cheese - null
[2020-12-29T16:48:27.579] [DEBUG] cheese - null
[2020-12-29T16:48:30.710] [DEBUG] cheese - login => username:admin,password:123456
[2020-12-29T16:48:30.710] [DEBUG] cheese - admin
[2020-12-29T16:48:30.712] [DEBUG] cheese - null
[2020-12-29T16:48:30.713] [DEBUG] cheese - null
[2020-12-29T16:50:16.998] [DEBUG] cheese - login => username:121212,password:1212121
[2020-12-29T16:50:16.998] [DEBUG] cheese - 121212
[2020-12-29T16:50:17.000] [DEBUG] cheese - null
[2020-12-29T16:50:17.000] [DEBUG] cheese - null
[2020-12-29T16:51:03.072] [DEBUG] cheese - login => username:admin,password:123456
[2020-12-29T16:51:03.072] [DEBUG] cheese - admin
[2020-12-29T16:51:03.074] [DEBUG] cheese - null
[2020-12-29T16:51:03.074] [DEBUG] cheese - null
[2020-12-29T16:54:39.919] [DEBUG] cheese - login => username:admin,password:123456
[2020-12-29T16:54:39.919] [DEBUG] cheese - admin
[2020-12-29T16:54:39.924] [DEBUG] cheese - null
[2020-12-29T16:54:39.924] [DEBUG] cheese - null
[2020-12-29T16:54:44.080] [DEBUG] cheese - login => username:admin,password:123456121212
[2020-12-29T16:54:44.080] [DEBUG] cheese - admin
[2020-12-29T16:54:44.082] [DEBUG] cheese - null
[2020-12-29T16:54:44.082] [DEBUG] cheese - null
[2020-12-29T17:01:29.395] [DEBUG] cheese - login => username:12121,password:212112112
[2020-12-29T17:01:29.395] [DEBUG] cheese - 12121
[2020-12-29T17:02:32.099] [DEBUG] cheese - login => username:admin,password:123456
[2020-12-29T17:02:32.100] [DEBUG] cheese - admin
[2020-12-29T17:02:32.102] [DEBUG] cheese - null
[2020-12-29T17:02:32.102] [DEBUG] cheese - null
[2020-12-29T17:02:32.104] [DEBUG] cheese - null
[2020-12-29T17:02:32.104] [DEBUG] cheese - null
[2020-12-29T17:04:16.581] [DEBUG] cheese - login => username:12121,password:212112112
[2020-12-29T17:04:16.583] [DEBUG] cheese - 12121
[2020-12-29T17:04:16.589] [DEBUG] cheese - null
[2020-12-29T17:04:16.590] [DEBUG] cheese - null
[2020-12-29T17:04:29.908] [DEBUG] cheese - login => username:admin,password:123456
[2020-12-29T17:04:29.908] [DEBUG] cheese - admin
[2020-12-29T17:04:29.913] [DEBUG] cheese - null
[2020-12-29T17:04:29.914] [DEBUG] cheese - null
[2020-12-29T17:04:33.862] [DEBUG] cheese - login => username:12121,password:212112112
[2020-12-29T17:04:33.862] [DEBUG] cheese - 12121
[2020-12-29T17:04:33.863] [DEBUG] cheese - null
[2020-12-29T17:04:33.864] [DEBUG] cheese - null
[2020-12-29T17:04:38.423] [DEBUG] cheese - login => username:12121,password:212112112
[2020-12-29T17:04:38.424] [DEBUG] cheese - 12121
[2020-12-29T17:04:38.425] [DEBUG] cheese - null
[2020-12-29T17:04:38.425] [DEBUG] cheese - null
[2020-12-29T17:04:49.392] [DEBUG] cheese - login => username:1212121,password:121212121
[2020-12-29T17:04:49.392] [DEBUG] cheese - 1212121
[2020-12-29T17:04:49.394] [DEBUG] cheese - null
[2020-12-29T17:04:49.394] [DEBUG] cheese - null
[2020-12-29T17:10:18.238] [DEBUG] cheese - login => username:1212121,password:121212121
[2020-12-29T17:10:18.239] [DEBUG] cheese - 1212121
[2020-12-29T17:10:18.242] [DEBUG] cheese - null
[2020-12-29T17:10:18.242] [DEBUG] cheese - null
[2020-12-29T17:10:18.752] [DEBUG] cheese - login => username:1212121,password:121212121
[2020-12-29T17:10:18.752] [DEBUG] cheese - 1212121
[2020-12-29T17:10:18.754] [DEBUG] cheese - null
[2020-12-29T17:10:18.754] [DEBUG] cheese - null
[2020-12-29T17:10:18.935] [DEBUG] cheese - login => username:1212121,password:121212121
[2020-12-29T17:10:18.935] [DEBUG] cheese - 1212121
[2020-12-29T17:10:18.937] [DEBUG] cheese - null
[2020-12-29T17:10:18.937] [DEBUG] cheese - null
[2020-12-29T17:10:19.096] [DEBUG] cheese - login => username:1212121,password:121212121
[2020-12-29T17:10:19.096] [DEBUG] cheese - 1212121
[2020-12-29T17:10:19.097] [DEBUG] cheese - null
[2020-12-29T17:10:19.097] [DEBUG] cheese - null
[2020-12-29T17:10:55.312] [DEBUG] cheese - login => username:12121212,password:121212221211
[2020-12-29T17:10:55.312] [DEBUG] cheese - 12121212
[2020-12-29T17:10:55.313] [DEBUG] cheese - null
[2020-12-29T17:10:55.313] [DEBUG] cheese - null
[2020-12-29T17:10:56.303] [DEBUG] cheese - login => username:12121212,password:121212221211
[2020-12-29T17:10:56.303] [DEBUG] cheese - 12121212
[2020-12-29T17:10:56.305] [DEBUG] cheese - null
[2020-12-29T17:10:56.305] [DEBUG] cheese - null
[2020-12-29T17:10:56.792] [DEBUG] cheese - login => username:12121212,password:121212221211
[2020-12-29T17:10:56.792] [DEBUG] cheese - 12121212
[2020-12-29T17:10:56.793] [DEBUG] cheese - null
[2020-12-29T17:10:56.794] [DEBUG] cheese - null
[2020-12-29T17:10:57.014] [DEBUG] cheese - login => username:12121212,password:121212221211
[2020-12-29T17:10:57.014] [DEBUG] cheese - 12121212
[2020-12-29T17:10:57.016] [DEBUG] cheese - null
[2020-12-29T17:10:57.016] [DEBUG] cheese - null
[2020-12-29T17:10:57.209] [DEBUG] cheese - login => username:12121212,password:121212221211
[2020-12-29T17:10:57.209] [DEBUG] cheese - 12121212
[2020-12-29T17:10:57.211] [DEBUG] cheese - null
[2020-12-29T17:10:57.211] [DEBUG] cheese - null
[2020-12-29T17:11:11.079] [DEBUG] cheese - login => username:admin,password:123456
[2020-12-29T17:11:11.079] [DEBUG] cheese - admin
[2020-12-29T17:11:11.081] [DEBUG] cheese - null
[2020-12-29T17:11:11.081] [DEBUG] cheese - null
[2020-12-29T17:11:12.696] [DEBUG] cheese - login => username:admin,password:123456
[2020-12-29T17:11:12.696] [DEBUG] cheese - admin
[2020-12-29T17:11:12.698] [DEBUG] cheese - null
[2020-12-29T17:11:12.698] [DEBUG] cheese - null
[2020-12-29T17:25:06.472] [DEBUG] cheese - login => username:admin,password:123456
[2020-12-29T17:25:06.472] [DEBUG] cheese - admin
[2020-12-29T17:25:06.477] [DEBUG] cheese - null
[2020-12-29T17:25:06.477] [DEBUG] cheese - null
[2020-12-29T17:25:25.237] [DEBUG] cheese - login => username:admin,password:            
[2020-12-29T17:25:25.237] [DEBUG] cheese - admin
[2020-12-29T17:25:25.240] [DEBUG] cheese - null
[2020-12-29T17:25:25.240] [DEBUG] cheese - null
[2020-12-29T17:31:46.336] [DEBUG] cheese - login => username:admin,password:            
[2020-12-29T17:31:46.336] [DEBUG] cheese - admin
[2020-12-29T17:31:46.340] [DEBUG] cheese - null
[2020-12-29T17:31:46.340] [DEBUG] cheese - null
[2020-12-29T17:31:47.184] [DEBUG] cheese - login => username:admin,password:            
[2020-12-29T17:31:47.184] [DEBUG] cheese - admin
[2020-12-29T17:31:47.186] [DEBUG] cheese - null
[2020-12-29T17:31:47.186] [DEBUG] cheese - null
[2020-12-29T17:31:47.759] [DEBUG] cheese - login => username:admin,password:            
[2020-12-29T17:31:47.760] [DEBUG] cheese - admin
[2020-12-29T17:31:47.762] [DEBUG] cheese - null
[2020-12-29T17:31:47.762] [DEBUG] cheese - null
[2020-12-29T17:31:47.969] [DEBUG] cheese - login => username:admin,password:            
[2020-12-29T17:31:47.969] [DEBUG] cheese - admin
[2020-12-29T17:31:47.971] [DEBUG] cheese - null
[2020-12-29T17:31:47.971] [DEBUG] cheese - null
[2020-12-29T17:31:48.143] [DEBUG] cheese - login => username:admin,password:            
[2020-12-29T17:31:48.143] [DEBUG] cheese - admin
[2020-12-29T17:31:48.145] [DEBUG] cheese - null
[2020-12-29T17:31:48.145] [DEBUG] cheese - null
[2020-12-29T17:31:49.911] [DEBUG] cheese - login => username:admin,password:            
[2020-12-29T17:31:49.911] [DEBUG] cheese - admin
[2020-12-29T17:31:49.913] [DEBUG] cheese - null
[2020-12-29T17:31:49.913] [DEBUG] cheese - null
[2020-12-29T17:31:50.719] [DEBUG] cheese - login => username:admin,password:            
[2020-12-29T17:31:50.719] [DEBUG] cheese - admin
[2020-12-29T17:31:50.721] [DEBUG] cheese - null
[2020-12-29T17:31:50.721] [DEBUG] cheese - null
[2020-12-29T17:31:51.201] [DEBUG] cheese - login => username:admin,password:            
[2020-12-29T17:31:51.201] [DEBUG] cheese - admin
[2020-12-29T17:31:51.203] [DEBUG] cheese - null
[2020-12-29T17:31:51.203] [DEBUG] cheese - null
[2020-12-29T17:31:51.367] [DEBUG] cheese - login => username:admin,password:            
[2020-12-29T17:31:51.368] [DEBUG] cheese - admin
[2020-12-29T17:31:51.369] [DEBUG] cheese - null
[2020-12-29T17:31:51.369] [DEBUG] cheese - null
[2020-12-29T17:31:52.408] [DEBUG] cheese - login => username:admin,password:            
[2020-12-29T17:31:52.408] [DEBUG] cheese - admin
[2020-12-29T17:31:52.411] [DEBUG] cheese - null
[2020-12-29T17:31:52.411] [DEBUG] cheese - null
[2020-12-29T17:32:42.642] [DEBUG] cheese - login => username:admin,password:            
[2020-12-29T17:32:42.642] [DEBUG] cheese - admin
[2020-12-29T17:32:42.644] [DEBUG] cheese - null
[2020-12-29T17:32:42.645] [DEBUG] cheese - null
[2020-12-29T17:32:45.283] [DEBUG] cheese - login => username:admin,password:            
[2020-12-29T17:32:45.283] [DEBUG] cheese - admin
[2020-12-29T17:32:45.285] [DEBUG] cheese - null
[2020-12-29T17:32:45.285] [DEBUG] cheese - null
[2020-12-29T19:48:58.813] [DEBUG] cheese - login => username:admin,password:123456
[2020-12-29T19:48:58.813] [DEBUG] cheese - admin
[2020-12-29T19:48:58.819] [DEBUG] cheese - null
[2020-12-29T19:48:58.819] [DEBUG] cheese - null
[2020-12-29T19:51:38.845] [DEBUG] cheese - login => username:admin,password:123456
[2020-12-29T19:51:38.845] [DEBUG] cheese - admin
[2020-12-29T19:53:07.995] [DEBUG] cheese - login => username:admin,password:123456
[2020-12-29T19:53:07.995] [DEBUG] cheese - admin
[2020-12-29T19:53:08.001] [DEBUG] cheese - null
[2020-12-29T19:53:08.001] [DEBUG] cheese - null
[2020-12-29T19:53:08.080] [DEBUG] cheese - null
[2020-12-29T19:53:08.080] [DEBUG] cheese - null
[2020-12-29T19:53:08.159] [DEBUG] cheese - login => username:admin,password:123456
[2020-12-29T19:53:08.159] [DEBUG] cheese - admin
[2020-12-29T19:53:08.161] [DEBUG] cheese - null
[2020-12-29T19:53:08.161] [DEBUG] cheese - null
[2020-12-29T19:53:14.834] [DEBUG] cheese - login => username:admin,password:123456
[2020-12-29T19:53:14.834] [DEBUG] cheese - admin
[2020-12-29T19:53:14.836] [DEBUG] cheese - null
[2020-12-29T19:53:14.836] [DEBUG] cheese - null
[2020-12-29T19:56:04.820] [DEBUG] cheese - login => username:admin,password:123456
[2020-12-29T19:56:04.820] [DEBUG] cheese - admin
[2020-12-29T19:56:04.823] [DEBUG] cheese - null
[2020-12-29T19:56:04.823] [DEBUG] cheese - null
[2020-12-29T19:56:09.285] [DEBUG] cheese - login => username:admin,password:123456
[2020-12-29T19:56:09.286] [DEBUG] cheese - admin
[2020-12-29T19:56:09.288] [DEBUG] cheese - null
[2020-12-29T19:56:09.288] [DEBUG] cheese - null
[2020-12-29T19:56:14.002] [DEBUG] cheese - login => username:admin,password:123456
[2020-12-29T19:56:14.003] [DEBUG] cheese - admin
[2020-12-29T19:56:14.006] [DEBUG] cheese - null
[2020-12-29T19:56:14.006] [DEBUG] cheese - null
[2020-12-29T19:57:41.506] [DEBUG] cheese - login => username:admin,password:123456
[2020-12-29T19:57:41.507] [DEBUG] cheese - admin
[2020-12-29T19:57:41.509] [DEBUG] cheese - null
[2020-12-29T19:57:41.509] [DEBUG] cheese - null
[2020-12-29T20:10:25.652] [DEBUG] cheese - login => username:admin,password:123456
[2020-12-29T20:10:25.653] [DEBUG] cheese - admin
[2020-12-29T20:10:25.658] [DEBUG] cheese - null
[2020-12-29T20:10:25.658] [DEBUG] cheese - null
[2020-12-29T20:14:10.662] [DEBUG] cheese - login => username:admin,password:123456
[2020-12-29T20:14:10.662] [DEBUG] cheese - admin
[2020-12-29T20:14:10.666] [DEBUG] cheese - null
[2020-12-29T20:14:10.666] [DEBUG] cheese - null
[2020-12-29T20:16:52.687] [DEBUG] cheese - login => username:admin,password:123456
[2020-12-29T20:16:52.687] [DEBUG] cheese - admin
[2020-12-29T20:16:52.692] [DEBUG] cheese - null
[2020-12-29T20:16:52.693] [DEBUG] cheese - null
[2020-12-29T20:49:22.371] [DEBUG] cheese - login => username:admin,password:123456
[2020-12-29T20:49:22.371] [DEBUG] cheese - admin
[2020-12-29T20:49:22.374] [DEBUG] cheese - null
[2020-12-29T20:49:22.375] [DEBUG] cheese - null
[2020-12-29T20:55:00.536] [DEBUG] cheese - login => username:admin,password:123456
[2020-12-29T20:55:00.537] [DEBUG] cheese - admin
[2020-12-29T20:55:00.540] [DEBUG] cheese - null
[2020-12-29T20:55:00.540] [DEBUG] cheese - null
[2020-12-29T22:44:41.170] [DEBUG] cheese - login => username:admin,password:123456
[2020-12-29T22:44:41.171] [DEBUG] cheese - admin
[2020-12-29T22:44:41.183] [DEBUG] cheese - null
[2020-12-29T22:44:41.183] [DEBUG] cheese - null
[2020-12-29T22:46:37.401] [DEBUG] cheese - login => username:admin,password:123456
[2020-12-29T22:46:37.401] [DEBUG] cheese - admin
[2020-12-29T22:46:37.404] [DEBUG] cheese - null
[2020-12-29T22:46:37.404] [DEBUG] cheese - null
[2020-12-29T23:44:19.047] [DEBUG] cheese - login => username:admin,password:123456
[2020-12-29T23:44:19.047] [DEBUG] cheese - admin
[2020-12-29T23:44:19.051] [DEBUG] cheese - null
[2020-12-29T23:44:19.052] [DEBUG] cheese - null
[2020-12-30T10:54:54.921] [DEBUG] cheese - login => username:admin,password:123456
[2020-12-30T10:54:54.923] [DEBUG] cheese - admin
[2020-12-30T10:54:55.050] [DEBUG] cheese - null
[2020-12-30T10:54:55.051] [DEBUG] cheese - null
[2020-12-30T11:05:46.877] [DEBUG] cheese - login => username:admin,password:123456
[2020-12-30T11:05:46.877] [DEBUG] cheese - admin
[2020-12-30T11:05:46.881] [DEBUG] cheese - null
[2020-12-30T11:05:46.881] [DEBUG] cheese - null
[2020-12-30T12:49:44.043] [DEBUG] cheese - login => username:admin,password:123456
[2020-12-30T12:49:44.044] [DEBUG] cheese - admin
[2020-12-30T12:49:44.046] [DEBUG] cheese - null
[2020-12-30T12:49:44.046] [DEBUG] cheese - null
[2020-12-30T14:14:33.583] [DEBUG] cheese - login => username:admin,password:123456
[2020-12-30T14:14:33.584] [DEBUG] cheese - admin
[2020-12-30T14:14:33.595] [DEBUG] cheese - null
[2020-12-30T14:14:33.595] [DEBUG] cheese - null
[2020-12-30T14:30:45.808] [DEBUG] cheese - login => username:admin,password:123456
[2020-12-30T14:30:45.811] [DEBUG] cheese - admin
[2020-12-30T14:30:45.824] [DEBUG] cheese - null
[2020-12-30T14:30:45.824] [DEBUG] cheese - null
[2020-12-30T14:32:19.434] [DEBUG] cheese - login => username:admin,password:123456
[2020-12-30T14:32:19.434] [DEBUG] cheese - admin
[2020-12-30T14:32:19.438] [DEBUG] cheese - null
[2020-12-30T14:32:19.438] [DEBUG] cheese - null
[2020-12-30T14:33:01.333] [DEBUG] cheese - login => username:admin,password:123456
[2020-12-30T14:33:01.333] [DEBUG] cheese - admin
[2020-12-30T14:33:01.335] [DEBUG] cheese - null
[2020-12-30T14:33:01.335] [DEBUG] cheese - null
[2020-12-30T15:08:53.375] [DEBUG] cheese - login => username:admin,password:123456
[2020-12-30T15:08:53.377] [DEBUG] cheese - admin
[2020-12-30T15:08:53.381] [DEBUG] cheese - null
[2020-12-30T15:08:53.381] [DEBUG] cheese - null
[2020-12-30T21:51:51.648] [DEBUG] cheese - login => username:admin,password:123456
[2020-12-30T21:51:51.650] [DEBUG] cheese - admin
[2020-12-30T21:51:51.653] [DEBUG] cheese - null
[2020-12-30T21:51:51.653] [DEBUG] cheese - null
[2020-12-30T22:10:24.939] [DEBUG] cheese - login => username:admin,password:123456
[2020-12-30T22:10:24.941] [DEBUG] cheese - admin
[2020-12-30T22:10:24.952] [DEBUG] cheese - null
[2020-12-30T22:10:24.952] [DEBUG] cheese - null
[2020-12-30T22:11:24.106] [DEBUG] cheese - login => username:admin,password:123456
[2020-12-30T22:11:24.106] [DEBUG] cheese - admin
[2020-12-30T22:11:24.110] [DEBUG] cheese - null
[2020-12-30T22:11:24.110] [DEBUG] cheese - null
[2020-12-31T14:58:46.493] [DEBUG] cheese - login => username:admin,password:wf123456
[2020-12-31T14:58:46.494] [DEBUG] cheese - admin
[2020-12-31T14:58:46.611] [DEBUG] cheese - null
[2020-12-31T14:58:46.612] [DEBUG] cheese - null
[2020-12-31T14:59:00.028] [DEBUG] cheese - login => username:admin,password:123456
[2020-12-31T14:59:00.028] [DEBUG] cheese - admin
[2020-12-31T14:59:00.031] [DEBUG] cheese - null
[2020-12-31T14:59:00.031] [DEBUG] cheese - null
[2020-12-31T23:21:37.421] [DEBUG] cheese - null
[2020-12-31T23:25:04.758] [DEBUG] cheese - null
[2020-12-31T23:25:28.677] [DEBUG] cheese - null
[2020-12-31T23:25:57.755] [DEBUG] cheese - null
[2020-12-31T23:28:03.107] [DEBUG] cheese - null
[2020-12-31T23:29:17.880] [DEBUG] cheese - null
[2020-12-31T23:30:43.432] [DEBUG] cheese - null
[2020-12-31T23:31:32.122] [DEBUG] cheese - null
[2020-12-31T23:32:05.333] [DEBUG] cheese - null
[2020-12-31T23:32:15.832] [DEBUG] cheese - null
[2020-12-31T23:36:49.766] [DEBUG] cheese - null
[2020-12-31T23:37:12.911] [DEBUG] cheese - null
[2020-12-31T23:39:31.966] [DEBUG] cheese - null
[2020-12-31T23:40:28.389] [DEBUG] cheese - null
[2020-12-31T23:41:05.620] [DEBUG] cheese - null
[2020-12-31T23:44:50.337] [DEBUG] cheese - null
[2020-12-31T23:44:53.661] [DEBUG] cheese - null
[2020-12-31T23:44:56.401] [DEBUG] cheese - null
[2020-12-31T23:46:28.083] [DEBUG] cheese - null
[2020-12-31T23:46:54.320] [DEBUG] cheese - null
[2020-12-31T23:47:05.194] [DEBUG] cheese - null
[2020-12-31T23:47:34.265] [DEBUG] cheese - null
[2020-12-31T23:48:24.539] [DEBUG] cheese - null
[2020-12-31T23:49:30.397] [DEBUG] cheese - null
[2020-12-31T23:49:33.596] [DEBUG] cheese - null
[2021-01-01T21:29:18.357] [DEBUG] cheese - login => username:admin,password:123456
[2021-01-01T21:29:18.358] [DEBUG] cheese - admin
[2021-01-01T21:29:18.476] [DEBUG] cheese - null
[2021-01-01T21:29:18.476] [DEBUG] cheese - null
[2021-01-01T23:37:51.928] [DEBUG] cheese - login => username:admin,password:123456
[2021-01-01T23:37:51.929] [DEBUG] cheese - admin
[2021-01-01T23:37:51.932] [DEBUG] cheese - null
[2021-01-01T23:37:51.932] [DEBUG] cheese - null
[2021-01-01T23:38:49.214] [DEBUG] cheese - null
[2021-01-01T23:38:51.789] [DEBUG] cheese - null
[2021-01-02T10:59:22.085] [DEBUG] cheese - login => username:admin,password:wf123456
[2021-01-02T10:59:22.086] [DEBUG] cheese - admin
[2021-01-02T10:59:22.203] [DEBUG] cheese - null
[2021-01-02T10:59:22.204] [DEBUG] cheese - null
[2021-01-02T10:59:31.251] [DEBUG] cheese - login => username:admin,password:123456
[2021-01-02T10:59:31.251] [DEBUG] cheese - admin
[2021-01-02T10:59:31.254] [DEBUG] cheese - null
[2021-01-02T10:59:31.254] [DEBUG] cheese - null
[2021-01-02T11:03:14.013] [DEBUG] cheese - null
[2021-01-02T11:03:17.510] [DEBUG] cheese - null
[2021-01-02T12:27:36.042] [DEBUG] cheese - login => username:admin,password:123456
[2021-01-02T12:27:36.043] [DEBUG] cheese - admin
[2021-01-02T12:27:36.052] [DEBUG] cheese - null
[2021-01-02T12:27:36.053] [DEBUG] cheese - null
[2021-01-02T15:21:26.505] [DEBUG] cheese - login => username:admin,password:123456
[2021-01-02T15:21:26.506] [DEBUG] cheese - admin
[2021-01-02T15:21:26.517] [DEBUG] cheese - null
[2021-01-02T15:21:26.518] [DEBUG] cheese - null
[2021-01-03T17:24:49.468] [DEBUG] cheese - login => username:admin,password:123456
[2021-01-03T17:24:49.469] [DEBUG] cheese - admin
[2021-01-03T17:24:49.651] [DEBUG] cheese - null
[2021-01-03T17:24:49.651] [DEBUG] cheese - null
[2021-01-03T17:25:12.459] [DEBUG] cheese - null
[2021-01-03T21:52:33.816] [DEBUG] cheese - login => username:admin,password:123456
[2021-01-03T21:52:33.818] [DEBUG] cheese - admin
[2021-01-03T21:52:33.872] [DEBUG] cheese - null
[2021-01-03T21:52:33.873] [DEBUG] cheese - null
[2021-01-04T12:56:13.462] [DEBUG] cheese - login => username:admin,password:123456
[2021-01-04T12:56:13.463] [DEBUG] cheese - admin
[2021-01-04T12:56:13.832] [DEBUG] cheese - null
[2021-01-04T12:56:13.832] [DEBUG] cheese - null
[2021-01-04T19:08:14.805] [DEBUG] cheese - login => username:admin,password:123456
[2021-01-04T19:08:14.807] [DEBUG] cheese - admin
[2021-01-04T19:08:14.813] [DEBUG] cheese - null
[2021-01-04T19:08:14.813] [DEBUG] cheese - null
[2021-01-04T20:11:50.672] [DEBUG] cheese - login => username:admin,password:123456
[2021-01-04T20:11:50.675] [DEBUG] cheese - admin
[2021-01-04T20:11:50.680] [DEBUG] cheese - login => username:admin,password:123456
[2021-01-04T20:11:50.680] [DEBUG] cheese - admin
[2021-01-04T20:11:50.689] [DEBUG] cheese - null
[2021-01-04T20:11:50.690] [DEBUG] cheese - null
[2021-01-04T20:11:50.777] [DEBUG] cheese - null
[2021-01-04T20:11:50.778] [DEBUG] cheese - null
[2021-01-05T20:34:10.548] [DEBUG] cheese - login => username:admin,password:123456
[2021-01-05T20:34:10.549] [DEBUG] cheese - admin
[2021-01-05T20:34:10.661] [DEBUG] cheese - null
[2021-01-05T20:34:10.662] [DEBUG] cheese - null
[2021-01-06T14:57:45.597] [DEBUG] cheese - login => username:admin,password:123456
[2021-01-06T14:57:45.598] [DEBUG] cheese - admin
[2021-01-06T14:57:45.687] [DEBUG] cheese - null
[2021-01-06T14:57:45.688] [DEBUG] cheese - null
[2021-01-06T20:52:01.866] [DEBUG] cheese - null
[2021-01-06T21:54:53.208] [DEBUG] cheese - login => username:admin,password:123456
[2021-01-06T21:54:53.208] [DEBUG] cheese - admin
[2021-01-06T21:54:53.217] [DEBUG] cheese - null
[2021-01-06T21:54:53.217] [DEBUG] cheese - null
[2021-01-07T00:09:02.122] [DEBUG] cheese - login => username:admin,password:123456
[2021-01-07T00:09:02.124] [DEBUG] cheese - admin
[2021-01-07T00:09:02.135] [DEBUG] cheese - null
[2021-01-07T00:09:02.137] [DEBUG] cheese - null
[2021-01-07T13:26:16.825] [DEBUG] cheese - login => username:admin,password:wf123456
[2021-01-07T13:26:16.826] [DEBUG] cheese - admin
[2021-01-07T13:26:16.957] [DEBUG] cheese - null
[2021-01-07T13:26:16.958] [DEBUG] cheese - null
[2021-01-07T13:26:26.302] [DEBUG] cheese - login => username:admin,password:123456
[2021-01-07T13:26:26.302] [DEBUG] cheese - admin
[2021-01-07T13:26:26.305] [DEBUG] cheese - null
[2021-01-07T13:26:26.305] [DEBUG] cheese - null
[2021-01-07T15:05:35.057] [DEBUG] cheese - login => username:admin,password:123456
[2021-01-07T15:05:35.060] [DEBUG] cheese - admin
[2021-01-07T15:05:35.064] [DEBUG] cheese - null
[2021-01-07T15:05:35.065] [DEBUG] cheese - null
[2021-01-07T16:28:35.263] [DEBUG] cheese - login => username:admin,password:123456
[2021-01-07T16:28:35.265] [DEBUG] cheese - admin
[2021-01-07T16:28:35.280] [DEBUG] cheese - null
[2021-01-07T16:28:35.281] [DEBUG] cheese - null
[2021-01-07T16:58:29.141] [DEBUG] cheese - login => username:admin,password:123456
[2021-01-07T16:58:29.141] [DEBUG] cheese - admin
[2021-01-07T16:58:29.242] [DEBUG] cheese - null
[2021-01-07T16:58:29.242] [DEBUG] cheese - null
[2021-01-07T17:09:10.972] [DEBUG] cheese - login => username:admin,password:123456
[2021-01-07T17:09:10.974] [DEBUG] cheese - admin
[2021-01-07T17:09:10.990] [DEBUG] cheese - null
[2021-01-07T17:09:10.990] [DEBUG] cheese - null
[2021-01-07T18:11:36.888] [DEBUG] cheese - login => username:admin,password:123456
[2021-01-07T18:11:36.890] [DEBUG] cheese - admin
[2021-01-07T18:11:37.034] [DEBUG] cheese - null
[2021-01-07T18:11:37.035] [DEBUG] cheese - null
